<?xml version="1.0" encoding="UTF-8"?>
<robot generator="Robot 3.1.2 (Python 3.7.6 on win32)" generated="20200217 17:38:00.699" rpa="false">
<suite id="s1" name="Test Sikuki" source="C:\Todo_RobotFramework\CURSO_MASTER\Test_uno\test_sikuki.robot">
<kw name="Start Sikuli Process" library="SikuliLibrary" type="setup">
<msg timestamp="20200217 17:38:00.746" level="INFO">Starting process:
java -jar c:\users\rodrigo.villanueva.c\appdata\local\programs\python\python37\lib\site-packages\SikuliLibrary\lib\SikuliLibrary.jar 50316 C:\Todo_RobotFramework\CURSO_MASTER\Test_uno</msg>
<msg timestamp="20200217 17:38:00.751" level="INFO">Start sikuli java process on port 50316</msg>
<msg timestamp="20200217 17:38:01.342" level="INFO">Sikuli java process is started</msg>
<msg timestamp="20200217 17:38:05.530" level="WARN">Test get_keyword_names failed! Connecting remote server at http://127.0.0.1:50316/ failed: &lt;Fault 0: 'Failed to invoke method get_keyword_names in class org.robotframework.remoteserver.servlet.ServerMethods: java.lang.RuntimeException'&gt;</msg>
<msg timestamp="20200217 17:38:06.533" level="FAIL">Failed to get_keyword_names!</msg>
<status status="FAIL" starttime="20200217 17:38:00.742" endtime="20200217 17:38:06.533"></status>
</kw>
<test id="s1-t1" name="TC_001 Start Browser on Windows">
<status status="FAIL" starttime="20200217 17:38:06.534" endtime="20200217 17:38:06.535" critical="yes">Parent suite setup failed:
Failed to get_keyword_names!</status>
</test>
<kw name="Stop Remote Server" library="SikuliLibrary" type="teardown">
<doc>Stops the remote server.</doc>
<msg timestamp="20200217 17:38:06.539" level="FAIL">AttributeError: 'NoneType' object has no attribute 'run_keyword'</msg>
<status status="FAIL" starttime="20200217 17:38:06.538" endtime="20200217 17:38:06.540">AttributeError: 'NoneType' object has no attribute 'run_keyword'</status>
</kw>
<status status="FAIL" starttime="20200217 17:38:00.701" endtime="20200217 17:38:06.540">Suite setup failed:
Failed to get_keyword_names!

Also suite teardown failed:
AttributeError: 'NoneType' object has no attribute 'run_keyword'</status>
</suite>
<statistics>
<total>
<stat pass="0" fail="1">Critical Tests</stat>
<stat pass="0" fail="1">All Tests</stat>
</total>
<tag>
</tag>
<suite>
<stat pass="0" fail="1" id="s1" name="Test Sikuki">Test Sikuki</stat>
</suite>
</statistics>
<errors>
<msg timestamp="20200217 17:38:05.530" level="WARN">Test get_keyword_names failed! Connecting remote server at http://127.0.0.1:50316/ failed: &lt;Fault 0: 'Failed to invoke method get_keyword_names in class org.robotframework.remoteserver.servlet.ServerMethods: java.lang.RuntimeException'&gt;</msg>
</errors>
</robot>
