<?xml version="1.0" encoding="UTF-8"?>
<robot generator="Robot 3.1.2 (Python 3.7.6 on win32)" generated="20200217 13:13:14.410" rpa="false">
<suite id="s1" name="Test Sikuki" source="C:\Todo_RobotFramework\CURSO_MASTER\Test_uno\test_sikuki.robot">
<test id="s1-t1" name="TC_001 Start Browser on Windows">
<kw name="Start Sikuli Process" library="SikuliLibrary">
<msg timestamp="20200217 13:13:14.459" level="INFO">Starting process:
java -jar c:\users\rodrigo.villanueva.c\appdata\local\programs\python\python37\lib\site-packages\SikuliLibrary\lib\SikuliLibrary.jar 57417 C:\Todo_RobotFramework\CURSO_MASTER\Test_uno</msg>
<msg timestamp="20200217 13:13:14.465" level="INFO">Start sikuli java process on port 57417</msg>
<msg timestamp="20200217 13:13:15.049" level="INFO">Sikuli java process is started</msg>
<msg timestamp="20200217 13:13:19.300" level="WARN">Test get_keyword_names failed! Connecting remote server at http://127.0.0.1:57417/ failed: &lt;Fault 0: 'Failed to invoke method get_keyword_names in class org.robotframework.remoteserver.servlet.ServerMethods: java.lang.RuntimeException'&gt;</msg>
<msg timestamp="20200217 13:13:20.305" level="FAIL">Failed to get_keyword_names!</msg>
<status status="FAIL" starttime="20200217 13:13:14.455" endtime="20200217 13:13:20.305"></status>
</kw>
<status status="FAIL" starttime="20200217 13:13:14.455" endtime="20200217 13:13:20.306" critical="yes">Failed to get_keyword_names!</status>
</test>
<status status="FAIL" starttime="20200217 13:13:14.412" endtime="20200217 13:13:20.309"></status>
</suite>
<statistics>
<total>
<stat pass="0" fail="1">Critical Tests</stat>
<stat pass="0" fail="1">All Tests</stat>
</total>
<tag>
</tag>
<suite>
<stat pass="0" fail="1" id="s1" name="Test Sikuki">Test Sikuki</stat>
</suite>
</statistics>
<errors>
<msg timestamp="20200217 13:13:19.300" level="WARN">Test get_keyword_names failed! Connecting remote server at http://127.0.0.1:57417/ failed: &lt;Fault 0: 'Failed to invoke method get_keyword_names in class org.robotframework.remoteserver.servlet.ServerMethods: java.lang.RuntimeException'&gt;</msg>
</errors>
</robot>
