<?xml version="1.0" encoding="UTF-8"?>
<robot generator="Robot 3.1.2 (Python 3.7.6 on win32)" generated="20200120 18:30:44.522" rpa="false">
<suite id="s1" name="Uno" source="C:\Todo_robotframework\Robot\uno.robot">
<test id="s1-t1" name="001 Ventanas Alertas y Frames">
<kw name="Abrir navegador" library="recursos">
<arguments>
<arg>${url}</arg>
<arg>${navegador}</arg>
</arguments>
<kw name="Open Browser" library="SeleniumLibrary">
<doc>Opens a new browser instance to the optional ``url``.</doc>
<arguments>
<arg>${arg1}</arg>
<arg>${arg2}</arg>
</arguments>
<msg timestamp="20200120 18:30:44.737" level="INFO">Opening browser 'chrome' to base url 'https://www.amazon.es/amazonprime?_encoding=UTF8&amp;%2AVersion%2A=1&amp;%2Aentries%2A=0'.</msg>
<status status="PASS" starttime="20200120 18:30:44.736" endtime="20200120 18:30:52.886"></status>
</kw>
<status status="PASS" starttime="20200120 18:30:44.736" endtime="20200120 18:30:52.886"></status>
</kw>
<kw name="Input Text" library="SeleniumLibrary">
<doc>Types the given ``text`` into the text field identified by ``locator``.</doc>
<arguments>
<arg>//input[@name="field-keywords"]</arg>
<arg>beisbol</arg>
</arguments>
<msg timestamp="20200120 18:30:52.887" level="INFO">Typing text 'beisbol' into text field '//input[@name="field-keywords"]'.</msg>
<status status="PASS" starttime="20200120 18:30:52.886" endtime="20200120 18:30:53.092"></status>
</kw>
<kw name="Click Element" library="SeleniumLibrary">
<doc>Click the element identified by ``locator``.</doc>
<arguments>
<arg>xpath=(//img[@class="s-image"])[9]</arg>
</arguments>
<msg timestamp="20200120 18:30:53.093" level="INFO">Clicking element 'xpath=(//img[@class="s-image"])[9]'.</msg>
<kw name="Capture Page Screenshot" library="SeleniumLibrary">
<doc>Takes a screenshot of the current page and embeds it into a log file.</doc>
<msg timestamp="20200120 18:30:53.576" level="INFO" html="yes">&lt;/td&gt;&lt;/tr&gt;&lt;tr&gt;&lt;td colspan="3"&gt;&lt;a href="selenium-screenshot-1.png"&gt;&lt;img src="selenium-screenshot-1.png" width="800px"&gt;&lt;/a&gt;</msg>
<status status="PASS" starttime="20200120 18:30:53.165" endtime="20200120 18:30:53.576"></status>
</kw>
<msg timestamp="20200120 18:30:53.613" level="FAIL">Element with locator 'xpath=(//img[@class="s-image"])[9]' not found.</msg>
<status status="FAIL" starttime="20200120 18:30:53.093" endtime="20200120 18:30:53.613"></status>
</kw>
<status status="FAIL" starttime="20200120 18:30:44.735" endtime="20200120 18:30:53.614" critical="yes">Element with locator 'xpath=(//img[@class="s-image"])[9]' not found.</status>
</test>
<doc>Prueba uno Amazon</doc>
<status status="FAIL" starttime="20200120 18:30:44.525" endtime="20200120 18:30:53.617"></status>
</suite>
<statistics>
<total>
<stat pass="0" fail="1">Critical Tests</stat>
<stat pass="0" fail="1">All Tests</stat>
</total>
<tag>
</tag>
<suite>
<stat pass="0" fail="1" id="s1" name="Uno">Uno</stat>
</suite>
</statistics>
<errors>
</errors>
</robot>
