<?xml version="1.0" encoding="UTF-8"?>
<robot generator="Robot 3.1.2 (Python 3.7.6 on win32)" generated="20200129 13:14:31.159" rpa="false">
<suite id="s1" name="Test" source="C:\Todo_RobotFramework\Curso_dos\return_test\test.robot">
<test id="s1-t1" name="CC001 DEMO RETURN">
<kw name="Esperar Iniciar ok" library="recursos">
<arguments>
<arg>15</arg>
</arguments>
<kw name="Set Selenium Timeout" library="SeleniumLibrary">
<doc>Sets the timeout that is used by various keywords.</doc>
<arguments>
<arg>${arg1} seconds</arg>
</arguments>
<status status="PASS" starttime="20200129 13:14:31.763" endtime="20200129 13:14:31.764"></status>
</kw>
<status status="PASS" starttime="20200129 13:14:31.763" endtime="20200129 13:14:31.764"></status>
</kw>
<kw name="Abrir navegador" library="recursos">
<arguments>
<arg>${url}</arg>
<arg>Chrome</arg>
</arguments>
<kw name="Open Browser" library="SeleniumLibrary">
<doc>Opens a new browser instance to the optional ``url``.</doc>
<arguments>
<arg>${arg1}</arg>
<arg>${arg2}</arg>
</arguments>
<msg timestamp="20200129 13:14:31.764" level="INFO">Opening browser 'Chrome' to base url 'https://www.mercadolibre.com.mx/?matt_tool=6523024&amp;matt_word=mercado_libre&amp;gclid=CjwKCAiA98TxBRBtEiwAVRLqu8QewGLNzp7RViAdiMmBn2nCKqHjhIv7LtOOWzz2lv5gFCSkBMkowRoCOeMQAvD_BwE'.</msg>
<msg timestamp="20200129 13:14:32.279" level="DEBUG">POST http://127.0.0.1:55953/session {"capabilities": {"firstMatch": [{}], "alwaysMatch": {"browserName": "chrome", "platformName": "any", "goog:chromeOptions": {"extensions": [], "args": []}}}, "desiredCapabilities": {"browserName": "chrome", "version": "", "platform": "ANY", "goog:chromeOptions": {"extensions": [], "args": []}}}</msg>
<msg timestamp="20200129 13:14:32.280" level="DEBUG">Starting new HTTP connection (1): 127.0.0.1:55953</msg>
<msg timestamp="20200129 13:14:33.740" level="DEBUG">http://127.0.0.1:55953 "POST /session HTTP/1.1" 200 688</msg>
<msg timestamp="20200129 13:14:33.741" level="DEBUG">Finished Request</msg>
<msg timestamp="20200129 13:14:33.741" level="DEBUG">POST http://127.0.0.1:55953/session/da9694475dc2f930dc4ccc07ed734852/timeouts {"script": 15000}</msg>
<msg timestamp="20200129 13:14:33.742" level="DEBUG">http://127.0.0.1:55953 "POST /session/da9694475dc2f930dc4ccc07ed734852/timeouts HTTP/1.1" 200 14</msg>
<msg timestamp="20200129 13:14:33.742" level="DEBUG">Finished Request</msg>
<msg timestamp="20200129 13:14:33.742" level="DEBUG">POST http://127.0.0.1:55953/session/da9694475dc2f930dc4ccc07ed734852/timeouts {"implicit": 0}</msg>
<msg timestamp="20200129 13:14:33.743" level="DEBUG">http://127.0.0.1:55953 "POST /session/da9694475dc2f930dc4ccc07ed734852/timeouts HTTP/1.1" 200 14</msg>
<msg timestamp="20200129 13:14:33.744" level="DEBUG">Finished Request</msg>
<msg timestamp="20200129 13:14:33.744" level="DEBUG">POST http://127.0.0.1:55953/session/da9694475dc2f930dc4ccc07ed734852/url {"url": "https://www.mercadolibre.com.mx/?matt_tool=6523024&amp;matt_word=mercado_libre&amp;gclid=CjwKCAiA98TxBRBtEiwAVRLqu8QewGLNzp7RViAdiMmBn2nCKqHjhIv7LtOOWzz2lv5gFCSkBMkowRoCOeMQAvD_BwE"}</msg>
<msg timestamp="20200129 13:14:41.037" level="DEBUG">http://127.0.0.1:55953 "POST /session/da9694475dc2f930dc4ccc07ed734852/url HTTP/1.1" 200 14</msg>
<msg timestamp="20200129 13:14:41.037" level="DEBUG">Finished Request</msg>
<msg timestamp="20200129 13:14:41.038" level="DEBUG">Opened browser with session id da9694475dc2f930dc4ccc07ed734852.</msg>
<status status="PASS" starttime="20200129 13:14:31.764" endtime="20200129 13:14:41.038"></status>
</kw>
<status status="PASS" starttime="20200129 13:14:31.764" endtime="20200129 13:14:41.038"></status>
</kw>
<kw name="Maximizar" library="recursos">
<kw name="Maximize Browser Window" library="SeleniumLibrary">
<doc>Maximizes current browser window.</doc>
<msg timestamp="20200129 13:14:41.039" level="DEBUG">POST http://127.0.0.1:55953/session/da9694475dc2f930dc4ccc07ed734852/window/maximize {}</msg>
<msg timestamp="20200129 13:14:42.192" level="DEBUG">http://127.0.0.1:55953 "POST /session/da9694475dc2f930dc4ccc07ed734852/window/maximize HTTP/1.1" 200 51</msg>
<msg timestamp="20200129 13:14:42.193" level="DEBUG">Finished Request</msg>
<status status="PASS" starttime="20200129 13:14:41.038" endtime="20200129 13:14:42.193"></status>
</kw>
<status status="PASS" starttime="20200129 13:14:41.038" endtime="20200129 13:14:42.193"></status>
</kw>
<kw name="Texto" library="recursos">
<arguments>
<arg>//input[contains(@type,'text')]</arg>
<arg>maquina de beisbol</arg>
</arguments>
<kw name="Input Text" library="SeleniumLibrary">
<doc>Types the given ``text`` into the text field identified by ``locator``.</doc>
<arguments>
<arg>xpath=${arg1}</arg>
<arg>${arg2}</arg>
</arguments>
<msg timestamp="20200129 13:14:42.194" level="INFO">Typing text 'maquina de beisbol' into text field 'xpath=//input[contains(@type,'text')]'.</msg>
<msg timestamp="20200129 13:14:42.195" level="DEBUG">POST http://127.0.0.1:55953/session/da9694475dc2f930dc4ccc07ed734852/elements {"using": "xpath", "value": "//input[contains(@type,'text')]"}</msg>
<msg timestamp="20200129 13:14:42.209" level="DEBUG">http://127.0.0.1:55953 "POST /session/da9694475dc2f930dc4ccc07ed734852/elements HTTP/1.1" 200 90</msg>
<msg timestamp="20200129 13:14:42.209" level="DEBUG">Finished Request</msg>
<msg timestamp="20200129 13:14:42.209" level="DEBUG">POST http://127.0.0.1:55953/session/da9694475dc2f930dc4ccc07ed734852/element/3e04c352-b344-4be4-b99a-e235b9955acf/clear {"id": "3e04c352-b344-4be4-b99a-e235b9955acf"}</msg>
<msg timestamp="20200129 13:14:42.231" level="DEBUG">http://127.0.0.1:55953 "POST /session/da9694475dc2f930dc4ccc07ed734852/element/3e04c352-b344-4be4-b99a-e235b9955acf/clear HTTP/1.1" 200 14</msg>
<msg timestamp="20200129 13:14:42.231" level="DEBUG">Finished Request</msg>
<msg timestamp="20200129 13:14:42.231" level="DEBUG">POST http://127.0.0.1:55953/session/da9694475dc2f930dc4ccc07ed734852/element/3e04c352-b344-4be4-b99a-e235b9955acf/value {"text": "maquina de beisbol", "value": ["m", "a", "q", "u", "i", "n", "a", " ", "d", "e", " ", "b", "e", "i", "s", "b", "o", "l"], "id": "3e04c352-b344-4be4-b99a-e235b9955acf"}</msg>
<msg timestamp="20200129 13:14:42.291" level="DEBUG">http://127.0.0.1:55953 "POST /session/da9694475dc2f930dc4ccc07ed734852/element/3e04c352-b344-4be4-b99a-e235b9955acf/value HTTP/1.1" 200 14</msg>
<msg timestamp="20200129 13:14:42.291" level="DEBUG">Finished Request</msg>
<status status="PASS" starttime="20200129 13:14:42.194" endtime="20200129 13:14:42.291"></status>
</kw>
<status status="PASS" starttime="20200129 13:14:42.194" endtime="20200129 13:14:42.291"></status>
</kw>
<kw name="Dormir" library="recursos">
<arguments>
<arg>3</arg>
</arguments>
<kw name="Sleep" library="BuiltIn">
<doc>Pauses the test executed for the given time.</doc>
<arguments>
<arg>${arg1}</arg>
</arguments>
<msg timestamp="20200129 13:14:45.293" level="INFO">Slept 3 seconds</msg>
<status status="PASS" starttime="20200129 13:14:42.292" endtime="20200129 13:14:45.294"></status>
</kw>
<status status="PASS" starttime="20200129 13:14:42.291" endtime="20200129 13:14:45.294"></status>
</kw>
<kw name="Click" library="recursos">
<arguments>
<arg>//div[@role='img']</arg>
</arguments>
<kw name="Click Element" library="SeleniumLibrary">
<doc>Click the element identified by ``locator``.</doc>
<arguments>
<arg>xpath=${arg1}</arg>
</arguments>
<msg timestamp="20200129 13:14:45.297" level="INFO">Clicking element 'xpath=//div[@role='img']'.</msg>
<msg timestamp="20200129 13:14:45.298" level="DEBUG">POST http://127.0.0.1:55953/session/da9694475dc2f930dc4ccc07ed734852/elements {"using": "xpath", "value": "//div[@role='img']"}</msg>
<msg timestamp="20200129 13:14:45.339" level="DEBUG">http://127.0.0.1:55953 "POST /session/da9694475dc2f930dc4ccc07ed734852/elements HTTP/1.1" 200 90</msg>
<msg timestamp="20200129 13:14:45.340" level="DEBUG">Finished Request</msg>
<msg timestamp="20200129 13:14:45.340" level="DEBUG">POST http://127.0.0.1:55953/session/da9694475dc2f930dc4ccc07ed734852/element/2f67b715-0462-4659-8312-d5536d05ed25/click {"id": "2f67b715-0462-4659-8312-d5536d05ed25"}</msg>
<msg timestamp="20200129 13:14:47.586" level="DEBUG">http://127.0.0.1:55953 "POST /session/da9694475dc2f930dc4ccc07ed734852/element/2f67b715-0462-4659-8312-d5536d05ed25/click HTTP/1.1" 200 14</msg>
<msg timestamp="20200129 13:14:47.586" level="DEBUG">Finished Request</msg>
<status status="PASS" starttime="20200129 13:14:45.297" endtime="20200129 13:14:47.586"></status>
</kw>
<status status="PASS" starttime="20200129 13:14:45.295" endtime="20200129 13:14:47.586"></status>
</kw>
<kw name="Dormir" library="recursos">
<arguments>
<arg>2</arg>
</arguments>
<kw name="Sleep" library="BuiltIn">
<doc>Pauses the test executed for the given time.</doc>
<arguments>
<arg>${arg1}</arg>
</arguments>
<msg timestamp="20200129 13:14:49.588" level="INFO">Slept 2 seconds</msg>
<status status="PASS" starttime="20200129 13:14:47.587" endtime="20200129 13:14:49.588"></status>
</kw>
<status status="PASS" starttime="20200129 13:14:47.587" endtime="20200129 13:14:49.588"></status>
</kw>
<kw name="Click" library="recursos">
<arguments>
<arg>(//span[contains(@class,'main-title')])[2]</arg>
</arguments>
<kw name="Click Element" library="SeleniumLibrary">
<doc>Click the element identified by ``locator``.</doc>
<arguments>
<arg>xpath=${arg1}</arg>
</arguments>
<msg timestamp="20200129 13:14:49.590" level="INFO">Clicking element 'xpath=(//span[contains(@class,'main-title')])[2]'.</msg>
<msg timestamp="20200129 13:14:49.591" level="DEBUG">POST http://127.0.0.1:55953/session/da9694475dc2f930dc4ccc07ed734852/elements {"using": "xpath", "value": "(//span[contains(@class,'main-title')])[2]"}</msg>
<msg timestamp="20200129 13:14:49.627" level="DEBUG">http://127.0.0.1:55953 "POST /session/da9694475dc2f930dc4ccc07ed734852/elements HTTP/1.1" 200 90</msg>
<msg timestamp="20200129 13:14:49.627" level="DEBUG">Finished Request</msg>
<msg timestamp="20200129 13:14:49.628" level="DEBUG">POST http://127.0.0.1:55953/session/da9694475dc2f930dc4ccc07ed734852/element/0329c5f6-d988-46e7-89ef-a0295c7c5570/click {"id": "0329c5f6-d988-46e7-89ef-a0295c7c5570"}</msg>
<msg timestamp="20200129 13:14:53.555" level="DEBUG">http://127.0.0.1:55953 "POST /session/da9694475dc2f930dc4ccc07ed734852/element/0329c5f6-d988-46e7-89ef-a0295c7c5570/click HTTP/1.1" 200 14</msg>
<msg timestamp="20200129 13:14:53.555" level="DEBUG">Finished Request</msg>
<status status="PASS" starttime="20200129 13:14:49.590" endtime="20200129 13:14:53.555"></status>
</kw>
<status status="PASS" starttime="20200129 13:14:49.589" endtime="20200129 13:14:53.555"></status>
</kw>
<kw name="Dormir" library="recursos">
<arguments>
<arg>2</arg>
</arguments>
<kw name="Sleep" library="BuiltIn">
<doc>Pauses the test executed for the given time.</doc>
<arguments>
<arg>${arg1}</arg>
</arguments>
<msg timestamp="20200129 13:14:55.558" level="INFO">Slept 2 seconds</msg>
<status status="PASS" starttime="20200129 13:14:53.556" endtime="20200129 13:14:55.558"></status>
</kw>
<status status="PASS" starttime="20200129 13:14:53.556" endtime="20200129 13:14:55.559"></status>
</kw>
<kw name="Validar ret" library="recursos">
<arguments>
<arg>Se encontro maquina de bateo</arg>
</arguments>
<assign>
<var>${resultado}</var>
</assign>
<msg timestamp="20200129 13:14:55.562" level="INFO">${resultado} = Se encontro maquina de bateo</msg>
<status status="PASS" starttime="20200129 13:14:55.560" endtime="20200129 13:14:55.562"></status>
</kw>
<kw name="Log" library="BuiltIn">
<doc>Logs the given message with the given level.</doc>
<arguments>
<arg>${resultado}</arg>
</arguments>
<msg timestamp="20200129 13:14:55.564" level="INFO">Se encontro maquina de bateo</msg>
<status status="PASS" starttime="20200129 13:14:55.563" endtime="20200129 13:14:55.564"></status>
</kw>
<kw name="Cerrar" library="recursos">
<kw name="Close Browser" library="SeleniumLibrary">
<doc>Closes the current browser.</doc>
<msg timestamp="20200129 13:14:55.567" level="DEBUG">Closing browser with session id da9694475dc2f930dc4ccc07ed734852.</msg>
<msg timestamp="20200129 13:14:55.568" level="DEBUG">DELETE http://127.0.0.1:55953/session/da9694475dc2f930dc4ccc07ed734852 {}</msg>
<msg timestamp="20200129 13:14:55.608" level="DEBUG">http://127.0.0.1:55953 "DELETE /session/da9694475dc2f930dc4ccc07ed734852 HTTP/1.1" 200 14</msg>
<msg timestamp="20200129 13:14:55.609" level="DEBUG">Finished Request</msg>
<status status="PASS" starttime="20200129 13:14:55.566" endtime="20200129 13:14:57.692"></status>
</kw>
<status status="PASS" starttime="20200129 13:14:55.565" endtime="20200129 13:14:57.693"></status>
</kw>
<doc>PRUEBA TRAMITE RETURN</doc>
<tags>
<tag>tg01</tag>
</tags>
<status status="PASS" starttime="20200129 13:14:31.762" endtime="20200129 13:14:57.694" critical="yes"></status>
</test>
<doc>Casos de Prueba CC-04-2019-AMTIF-OT04</doc>
<status status="PASS" starttime="20200129 13:14:31.160" endtime="20200129 13:14:57.701"></status>
</suite>
<statistics>
<total>
<stat pass="1" fail="0">Critical Tests</stat>
<stat pass="1" fail="0">All Tests</stat>
</total>
<tag>
<stat pass="1" fail="0">tg01</stat>
</tag>
<suite>
<stat pass="1" fail="0" id="s1" name="Test">Test</stat>
</suite>
</statistics>
<errors>
</errors>
</robot>
