<?xml version="1.0" encoding="UTF-8"?>
<robot generator="Robot 3.1.2 (Python 3.7.6 on win32)" generated="20200120 20:29:12.283" rpa="false">
<suite id="s1" name="Uno" source="C:\Todo_robotframework\Robot\uno.robot">
<test id="s1-t1" name="001 Ventanas Alertas y Frames">
<kw name="Video Iniciar" library="recursoss">
<kw name="Start Video Recording" library="ScreenCapLibrary">
<doc>Starts the recording of a video in the background with the specified ``name``.
The recording can be stopped by calling the `Stop Video Recording` keyword.</doc>
<status status="PASS" starttime="20200120 20:29:12.667" endtime="20200120 20:29:12.670"></status>
</kw>
<status status="PASS" starttime="20200120 20:29:12.667" endtime="20200120 20:29:12.670"></status>
</kw>
<kw name="Dormir" library="recursoss">
<arguments>
<arg>5</arg>
</arguments>
<kw name="Sleep" library="BuiltIn">
<doc>Pauses the test executed for the given time.</doc>
<arguments>
<arg>${arg1}</arg>
</arguments>
<msg timestamp="20200120 20:29:17.671" level="INFO">Slept 5 seconds</msg>
<status status="PASS" starttime="20200120 20:29:12.671" endtime="20200120 20:29:17.671"></status>
</kw>
<status status="PASS" starttime="20200120 20:29:12.670" endtime="20200120 20:29:17.671"></status>
</kw>
<kw name="Abrir navegador" library="recursoss">
<arguments>
<arg>${url}</arg>
<arg>${navegador}</arg>
</arguments>
<kw name="Open Browser" library="SeleniumLibrary">
<doc>Opens a new browser instance to the optional ``url``.</doc>
<arguments>
<arg>${arg1}</arg>
<arg>${arg2}</arg>
</arguments>
<msg timestamp="20200120 20:29:17.673" level="INFO">Opening browser 'chrome' to base url 'https://www.amazon.es/amazonprime?_encoding=UTF8&amp;%2AVersion%2A=1&amp;%2Aentries%2A=0'.</msg>
<status status="PASS" starttime="20200120 20:29:17.672" endtime="20200120 20:29:25.605"></status>
</kw>
<status status="PASS" starttime="20200120 20:29:17.672" endtime="20200120 20:29:25.605"></status>
</kw>
<kw name="Maximizar" library="recursoss">
<kw name="Maximize Browser Window" library="SeleniumLibrary">
<doc>Maximizes current browser window.</doc>
<status status="PASS" starttime="20200120 20:29:25.606" endtime="20200120 20:29:29.753"></status>
</kw>
<status status="PASS" starttime="20200120 20:29:25.606" endtime="20200120 20:29:29.753"></status>
</kw>
<kw name="Texto" library="recursoss">
<arguments>
<arg>//input[@name="field-keywords"]</arg>
<arg>beisbol</arg>
</arguments>
<kw name="Input Text" library="SeleniumLibrary">
<doc>Types the given ``text`` into the text field identified by ``locator``.</doc>
<arguments>
<arg>xpath=${arg1}</arg>
<arg>${arg2}</arg>
</arguments>
<msg timestamp="20200120 20:29:29.754" level="INFO">Typing text 'beisbol' into text field 'xpath=//input[@name="field-keywords"]'.</msg>
<status status="PASS" starttime="20200120 20:29:29.754" endtime="20200120 20:29:29.885"></status>
</kw>
<status status="PASS" starttime="20200120 20:29:29.754" endtime="20200120 20:29:29.885"></status>
</kw>
<kw name="Click" library="recursoss">
<arguments>
<arg>(//input[contains(@type,'submit')])[1]</arg>
</arguments>
<kw name="Click Element" library="SeleniumLibrary">
<doc>Click the element identified by ``locator``.</doc>
<arguments>
<arg>xpath=${arg1}</arg>
</arguments>
<msg timestamp="20200120 20:29:29.886" level="INFO">Clicking element 'xpath=(//input[contains(@type,'submit')])[1]'.</msg>
<status status="PASS" starttime="20200120 20:29:29.886" endtime="20200120 20:29:32.305"></status>
</kw>
<status status="PASS" starttime="20200120 20:29:29.886" endtime="20200120 20:29:32.305"></status>
</kw>
<kw name="Pantalla" library="recursoss">
<arguments>
<arg>${dir}/Capture1.png</arg>
</arguments>
<kw name="Capture Page Screenshot" library="SeleniumLibrary">
<doc>Takes a screenshot of the current page and embeds it into a log file.</doc>
<arguments>
<arg>${arg1}</arg>
</arguments>
<msg timestamp="20200120 20:29:32.829" level="INFO" html="yes">&lt;/td&gt;&lt;/tr&gt;&lt;tr&gt;&lt;td colspan="3"&gt;&lt;a href="Img/Capture1.png"&gt;&lt;img src="Img/Capture1.png" width="800px"&gt;&lt;/a&gt;</msg>
<status status="PASS" starttime="20200120 20:29:32.306" endtime="20200120 20:29:32.829"></status>
</kw>
<status status="PASS" starttime="20200120 20:29:32.306" endtime="20200120 20:29:32.829"></status>
</kw>
<kw name="Click" library="recursoss">
<arguments>
<arg>(//img[contains(@src,'.jpg')])[9]</arg>
</arguments>
<kw name="Click Element" library="SeleniumLibrary">
<doc>Click the element identified by ``locator``.</doc>
<arguments>
<arg>xpath=${arg1}</arg>
</arguments>
<msg timestamp="20200120 20:29:32.831" level="INFO">Clicking element 'xpath=(//img[contains(@src,'.jpg')])[9]'.</msg>
<status status="PASS" starttime="20200120 20:29:32.830" endtime="20200120 20:29:35.119"></status>
</kw>
<status status="PASS" starttime="20200120 20:29:32.830" endtime="20200120 20:29:35.119"></status>
</kw>
<kw name="Pantalla" library="recursoss">
<arguments>
<arg>${dir}/Capture2.png</arg>
</arguments>
<kw name="Capture Page Screenshot" library="SeleniumLibrary">
<doc>Takes a screenshot of the current page and embeds it into a log file.</doc>
<arguments>
<arg>${arg1}</arg>
</arguments>
<msg timestamp="20200120 20:29:35.637" level="INFO" html="yes">&lt;/td&gt;&lt;/tr&gt;&lt;tr&gt;&lt;td colspan="3"&gt;&lt;a href="Img/Capture2.png"&gt;&lt;img src="Img/Capture2.png" width="800px"&gt;&lt;/a&gt;</msg>
<status status="PASS" starttime="20200120 20:29:35.121" endtime="20200120 20:29:35.638"></status>
</kw>
<status status="PASS" starttime="20200120 20:29:35.120" endtime="20200120 20:29:35.638"></status>
</kw>
<kw name="Click" library="recursoss">
<arguments>
<arg>(//input[contains(@class,'a-button-input')])[1]</arg>
</arguments>
<kw name="Click Element" library="SeleniumLibrary">
<doc>Click the element identified by ``locator``.</doc>
<arguments>
<arg>xpath=${arg1}</arg>
</arguments>
<msg timestamp="20200120 20:29:35.647" level="INFO">Clicking element 'xpath=(//input[contains(@class,'a-button-input')])[1]'.</msg>
<status status="PASS" starttime="20200120 20:29:35.646" endtime="20200120 20:29:36.589"></status>
</kw>
<status status="PASS" starttime="20200120 20:29:35.646" endtime="20200120 20:29:36.589"></status>
</kw>
<kw name="Pantalla" library="recursoss">
<arguments>
<arg>${dir}/Capture3.png</arg>
</arguments>
<kw name="Capture Page Screenshot" library="SeleniumLibrary">
<doc>Takes a screenshot of the current page and embeds it into a log file.</doc>
<arguments>
<arg>${arg1}</arg>
</arguments>
<msg timestamp="20200120 20:29:37.306" level="INFO" html="yes">&lt;/td&gt;&lt;/tr&gt;&lt;tr&gt;&lt;td colspan="3"&gt;&lt;a href="Img/Capture3.png"&gt;&lt;img src="Img/Capture3.png" width="800px"&gt;&lt;/a&gt;</msg>
<status status="PASS" starttime="20200120 20:29:36.591" endtime="20200120 20:29:37.306"></status>
</kw>
<status status="PASS" starttime="20200120 20:29:36.590" endtime="20200120 20:29:37.307"></status>
</kw>
<kw name="Video Finalizar" library="recursoss">
<kw name="Stop Video Recording" library="ScreenCapLibrary">
<doc>Stops the video recording corresponding to the given ``alias`` and generates the file in WebM format. If no
``alias`` is specified, the last opened recording will be closed. If there are more recordings with the same
alias all of them will be closed. If ``embed`` argument was set to
``True`` the video will be displayed in the log file.</doc>
<msg timestamp="20200120 20:29:38.310" level="INFO" html="yes">&lt;a href="recording_2.webm"&gt;&lt;video width="800px" autoplay&gt;&lt;source src="recording_2.webm" type="video/webm"&gt;&lt;/video&gt;&lt;/a&gt;</msg>
<status status="PASS" starttime="20200120 20:29:37.308" endtime="20200120 20:29:38.311"></status>
</kw>
<status status="PASS" starttime="20200120 20:29:37.307" endtime="20200120 20:29:38.311"></status>
</kw>
<kw name="Cerrar" library="recursoss">
<kw name="Close Browser" library="SeleniumLibrary">
<doc>Closes the current browser.</doc>
<status status="PASS" starttime="20200120 20:29:38.314" endtime="20200120 20:29:40.531"></status>
</kw>
<status status="PASS" starttime="20200120 20:29:38.313" endtime="20200120 20:29:40.532"></status>
</kw>
<status status="PASS" starttime="20200120 20:29:12.666" endtime="20200120 20:29:40.534" critical="yes"></status>
</test>
<doc>Prueba uno Amazon</doc>
<status status="PASS" starttime="20200120 20:29:12.285" endtime="20200120 20:29:40.542"></status>
</suite>
<statistics>
<total>
<stat pass="1" fail="0">Critical Tests</stat>
<stat pass="1" fail="0">All Tests</stat>
</total>
<tag>
</tag>
<suite>
<stat pass="1" fail="0" id="s1" name="Uno">Uno</stat>
</suite>
</statistics>
<errors>
</errors>
</robot>
