<?xml version="1.0" encoding="UTF-8"?>
<robot generator="Robot 3.1.2 (Python 3.7.6 on win32)" generated="20200120 19:20:46.659" rpa="false">
<suite id="s1" name="Uno" source="C:\Todo_robotframework\Robot\uno.robot">
<test id="s1-t1" name="001 Ventanas Alertas y Frames">
<kw name="Abrir navegador" library="recursoss">
<arguments>
<arg>${url}</arg>
<arg>${navegador}</arg>
</arguments>
<kw name="Open Browser" library="SeleniumLibrary">
<doc>Opens a new browser instance to the optional ``url``.</doc>
<arguments>
<arg>${arg1}</arg>
<arg>${arg2}</arg>
</arguments>
<msg timestamp="20200120 19:20:46.863" level="INFO">Opening browser 'chrome' to base url 'https://www.amazon.es/amazonprime?_encoding=UTF8&amp;%2AVersion%2A=1&amp;%2Aentries%2A=0'.</msg>
<status status="PASS" starttime="20200120 19:20:46.863" endtime="20200120 19:20:54.103"></status>
</kw>
<status status="PASS" starttime="20200120 19:20:46.863" endtime="20200120 19:20:54.103"></status>
</kw>
<kw name="Maximizar" library="recursoss">
<kw name="Maximize Browser Window" library="SeleniumLibrary">
<doc>Maximizes current browser window.</doc>
<status status="PASS" starttime="20200120 19:20:54.105" endtime="20200120 19:20:58.236"></status>
</kw>
<status status="PASS" starttime="20200120 19:20:54.104" endtime="20200120 19:20:58.236"></status>
</kw>
<kw name="Texto" library="recursoss">
<arguments>
<arg>//input[@name="field-keywords"]</arg>
<arg>beisbol</arg>
</arguments>
<kw name="Input Text" library="SeleniumLibrary">
<doc>Types the given ``text`` into the text field identified by ``locator``.</doc>
<arguments>
<arg>xpath=${arg1}</arg>
<arg>${arg2}</arg>
</arguments>
<msg timestamp="20200120 19:20:58.237" level="INFO">Typing text 'beisbol' into text field 'xpath=//input[@name="field-keywords"]'.</msg>
<status status="PASS" starttime="20200120 19:20:58.237" endtime="20200120 19:20:58.359"></status>
</kw>
<status status="PASS" starttime="20200120 19:20:58.237" endtime="20200120 19:20:58.359"></status>
</kw>
<kw name="Click" library="recursoss">
<arguments>
<arg>(//input[contains(@type,'submit')])[1]</arg>
</arguments>
<kw name="Click Element" library="SeleniumLibrary">
<doc>Click the element identified by ``locator``.</doc>
<arguments>
<arg>xpath=${arg1}</arg>
</arguments>
<msg timestamp="20200120 19:20:58.361" level="INFO">Clicking element 'xpath=(//input[contains(@type,'submit')])[1]'.</msg>
<status status="PASS" starttime="20200120 19:20:58.360" endtime="20200120 19:21:00.599"></status>
</kw>
<status status="PASS" starttime="20200120 19:20:58.360" endtime="20200120 19:21:00.599"></status>
</kw>
<kw name="Pantalla" library="recursoss">
<arguments>
<arg>${dir}/Capture1.png</arg>
</arguments>
<kw name="Capture Page Screenshot" library="SeleniumLibrary">
<doc>Takes a screenshot of the current page and embeds it into a log file.</doc>
<arguments>
<arg>${arg1}</arg>
</arguments>
<msg timestamp="20200120 19:21:01.127" level="INFO" html="yes">&lt;/td&gt;&lt;/tr&gt;&lt;tr&gt;&lt;td colspan="3"&gt;&lt;a href="Img/Capture1.png"&gt;&lt;img src="Img/Capture1.png" width="800px"&gt;&lt;/a&gt;</msg>
<status status="PASS" starttime="20200120 19:21:00.600" endtime="20200120 19:21:01.127"></status>
</kw>
<status status="PASS" starttime="20200120 19:21:00.599" endtime="20200120 19:21:01.127"></status>
</kw>
<kw name="Click" library="recursoss">
<arguments>
<arg>(//img[contains(@src,'.jpg')])[9]</arg>
</arguments>
<kw name="Click Element" library="SeleniumLibrary">
<doc>Click the element identified by ``locator``.</doc>
<arguments>
<arg>xpath=${arg1}</arg>
</arguments>
<msg timestamp="20200120 19:21:01.129" level="INFO">Clicking element 'xpath=(//img[contains(@src,'.jpg')])[9]'.</msg>
<status status="PASS" starttime="20200120 19:21:01.128" endtime="20200120 19:21:04.092"></status>
</kw>
<status status="PASS" starttime="20200120 19:21:01.128" endtime="20200120 19:21:04.092"></status>
</kw>
<kw name="Pantalla" library="recursoss">
<arguments>
<arg>${dir}/Capture2.png</arg>
</arguments>
<kw name="Capture Page Screenshot" library="SeleniumLibrary">
<doc>Takes a screenshot of the current page and embeds it into a log file.</doc>
<arguments>
<arg>${arg1}</arg>
</arguments>
<msg timestamp="20200120 19:21:04.652" level="INFO" html="yes">&lt;/td&gt;&lt;/tr&gt;&lt;tr&gt;&lt;td colspan="3"&gt;&lt;a href="Img/Capture2.png"&gt;&lt;img src="Img/Capture2.png" width="800px"&gt;&lt;/a&gt;</msg>
<status status="PASS" starttime="20200120 19:21:04.094" endtime="20200120 19:21:04.652"></status>
</kw>
<status status="PASS" starttime="20200120 19:21:04.093" endtime="20200120 19:21:04.652"></status>
</kw>
<kw name="Click" library="recursoss">
<arguments>
<arg>(//input[contains(@class,'a-button-input')])[1]</arg>
</arguments>
<kw name="Click Element" library="SeleniumLibrary">
<doc>Click the element identified by ``locator``.</doc>
<arguments>
<arg>xpath=${arg1}</arg>
</arguments>
<msg timestamp="20200120 19:21:04.653" level="INFO">Clicking element 'xpath=(//input[contains(@class,'a-button-input')])[1]'.</msg>
<status status="PASS" starttime="20200120 19:21:04.653" endtime="20200120 19:21:04.868"></status>
</kw>
<status status="PASS" starttime="20200120 19:21:04.653" endtime="20200120 19:21:04.868"></status>
</kw>
<kw name="Pantalla" library="recursoss">
<arguments>
<arg>${dir}/Capture3.png</arg>
</arguments>
<kw name="Capture Page Screenshot" library="SeleniumLibrary">
<doc>Takes a screenshot of the current page and embeds it into a log file.</doc>
<arguments>
<arg>${arg1}</arg>
</arguments>
<msg timestamp="20200120 19:21:05.471" level="INFO" html="yes">&lt;/td&gt;&lt;/tr&gt;&lt;tr&gt;&lt;td colspan="3"&gt;&lt;a href="Img/Capture3.png"&gt;&lt;img src="Img/Capture3.png" width="800px"&gt;&lt;/a&gt;</msg>
<status status="PASS" starttime="20200120 19:21:04.870" endtime="20200120 19:21:05.471"></status>
</kw>
<status status="PASS" starttime="20200120 19:21:04.869" endtime="20200120 19:21:05.471"></status>
</kw>
<kw name="Cerrar" library="recursoss">
<kw name="Close Browser" library="SeleniumLibrary">
<doc>Closes the current browser.</doc>
<status status="PASS" starttime="20200120 19:21:05.473" endtime="20200120 19:21:07.637"></status>
</kw>
<status status="PASS" starttime="20200120 19:21:05.472" endtime="20200120 19:21:07.638"></status>
</kw>
<status status="PASS" starttime="20200120 19:20:46.862" endtime="20200120 19:21:07.639" critical="yes"></status>
</test>
<doc>Prueba uno Amazon</doc>
<status status="PASS" starttime="20200120 19:20:46.661" endtime="20200120 19:21:07.648"></status>
</suite>
<statistics>
<total>
<stat pass="1" fail="0">Critical Tests</stat>
<stat pass="1" fail="0">All Tests</stat>
</total>
<tag>
</tag>
<suite>
<stat pass="1" fail="0" id="s1" name="Uno">Uno</stat>
</suite>
</statistics>
<errors>
</errors>
</robot>
