<?xml version="1.0" encoding="UTF-8"?>
<robot generator="Robot 3.1.2 (Python 3.7.6 on win32)" generated="20200129 14:41:51.199" rpa="false">
<suite id="s1" name="Test" source="C:\Todo_RobotFramework\Curso_dos\return_test\test.robot">
<test id="s1-t1" name="CC001 DEMO RETURN">
<kw name="Esperar Iniciar ok" library="recursos">
<arguments>
<arg>15</arg>
</arguments>
<kw name="Set Selenium Timeout" library="SeleniumLibrary">
<doc>Sets the timeout that is used by various keywords.</doc>
<arguments>
<arg>${arg1} seconds</arg>
</arguments>
<status status="PASS" starttime="20200129 14:41:51.851" endtime="20200129 14:41:51.852"></status>
</kw>
<status status="PASS" starttime="20200129 14:41:51.851" endtime="20200129 14:41:51.852"></status>
</kw>
<kw name="Abrir navegador" library="recursos">
<arguments>
<arg>${url}</arg>
<arg>Chrome</arg>
</arguments>
<kw name="Open Browser" library="SeleniumLibrary">
<doc>Opens a new browser instance to the optional ``url``.</doc>
<arguments>
<arg>${arg1}</arg>
<arg>${arg2}</arg>
</arguments>
<msg timestamp="20200129 14:41:51.853" level="INFO">Opening browser 'Chrome' to base url 'https://www.mercadolibre.com.mx/?matt_tool=6523024&amp;matt_word=mercado_libre&amp;gclid=CjwKCAiA98TxBRBtEiwAVRLqu8QewGLNzp7RViAdiMmBn2nCKqHjhIv7LtOOWzz2lv5gFCSkBMkowRoCOeMQAvD_BwE'.</msg>
<status status="PASS" starttime="20200129 14:41:51.853" endtime="20200129 14:41:55.064"></status>
</kw>
<status status="PASS" starttime="20200129 14:41:51.853" endtime="20200129 14:41:55.066"></status>
</kw>
<kw name="Maximizar" library="recursos">
<kw name="Maximize Browser Window" library="SeleniumLibrary">
<doc>Maximizes current browser window.</doc>
<status status="PASS" starttime="20200129 14:41:55.067" endtime="20200129 14:41:56.283"></status>
</kw>
<status status="PASS" starttime="20200129 14:41:55.066" endtime="20200129 14:41:56.284"></status>
</kw>
<kw name="Texto" library="recursos">
<arguments>
<arg>//input[contains(@type,'text')]</arg>
<arg>maquina de beisbol</arg>
</arguments>
<kw name="Input Text" library="SeleniumLibrary">
<doc>Types the given ``text`` into the text field identified by ``locator``.</doc>
<arguments>
<arg>xpath=${arg1}</arg>
<arg>${arg2}</arg>
</arguments>
<msg timestamp="20200129 14:41:56.285" level="INFO">Typing text 'maquina de beisbol' into text field 'xpath=//input[contains(@type,'text')]'.</msg>
<status status="PASS" starttime="20200129 14:41:56.285" endtime="20200129 14:41:56.393"></status>
</kw>
<status status="PASS" starttime="20200129 14:41:56.285" endtime="20200129 14:41:56.394"></status>
</kw>
<kw name="Dormir" library="recursos">
<arguments>
<arg>3</arg>
</arguments>
<kw name="Sleep" library="BuiltIn">
<doc>Pauses the test executed for the given time.</doc>
<arguments>
<arg>${arg1}</arg>
</arguments>
<msg timestamp="20200129 14:41:59.397" level="INFO">Slept 3 seconds</msg>
<status status="PASS" starttime="20200129 14:41:56.395" endtime="20200129 14:41:59.397"></status>
</kw>
<status status="PASS" starttime="20200129 14:41:56.395" endtime="20200129 14:41:59.400"></status>
</kw>
<kw name="Click" library="recursos">
<arguments>
<arg>//div[@role='img']</arg>
</arguments>
<kw name="Click Element" library="SeleniumLibrary">
<doc>Click the element identified by ``locator``.</doc>
<arguments>
<arg>xpath=${arg1}</arg>
</arguments>
<msg timestamp="20200129 14:41:59.401" level="INFO">Clicking element 'xpath=//div[@role='img']'.</msg>
<status status="PASS" starttime="20200129 14:41:59.401" endtime="20200129 14:42:00.737"></status>
</kw>
<status status="PASS" starttime="20200129 14:41:59.400" endtime="20200129 14:42:00.738"></status>
</kw>
<kw name="Dormir" library="recursos">
<arguments>
<arg>2</arg>
</arguments>
<kw name="Sleep" library="BuiltIn">
<doc>Pauses the test executed for the given time.</doc>
<arguments>
<arg>${arg1}</arg>
</arguments>
<msg timestamp="20200129 14:42:02.740" level="INFO">Slept 2 seconds</msg>
<status status="PASS" starttime="20200129 14:42:00.739" endtime="20200129 14:42:02.740"></status>
</kw>
<status status="PASS" starttime="20200129 14:42:00.739" endtime="20200129 14:42:02.742"></status>
</kw>
<kw name="Click" library="recursos">
<arguments>
<arg>(//span[contains(@class,'main-title')])[2]</arg>
</arguments>
<kw name="Click Element" library="SeleniumLibrary">
<doc>Click the element identified by ``locator``.</doc>
<arguments>
<arg>xpath=${arg1}</arg>
</arguments>
<msg timestamp="20200129 14:42:02.744" level="INFO">Clicking element 'xpath=(//span[contains(@class,'main-title')])[2]'.</msg>
<status status="PASS" starttime="20200129 14:42:02.744" endtime="20200129 14:42:03.847"></status>
</kw>
<status status="PASS" starttime="20200129 14:42:02.743" endtime="20200129 14:42:03.849"></status>
</kw>
<kw name="Dormir" library="recursos">
<arguments>
<arg>2</arg>
</arguments>
<kw name="Sleep" library="BuiltIn">
<doc>Pauses the test executed for the given time.</doc>
<arguments>
<arg>${arg1}</arg>
</arguments>
<msg timestamp="20200129 14:42:05.851" level="INFO">Slept 2 seconds</msg>
<status status="PASS" starttime="20200129 14:42:03.850" endtime="20200129 14:42:05.851"></status>
</kw>
<status status="PASS" starttime="20200129 14:42:03.849" endtime="20200129 14:42:05.853"></status>
</kw>
<kw name="Validar ret" library="recursos">
<arguments>
<arg>Se encontro maquina de bateo</arg>
</arguments>
<assign>
<var>${resultado}</var>
</assign>
<msg timestamp="20200129 14:42:05.855" level="INFO">${resultado} = Se encontro maquina de bateo</msg>
<status status="PASS" starttime="20200129 14:42:05.854" endtime="20200129 14:42:05.855"></status>
</kw>
<kw name="Log" library="BuiltIn">
<doc>Logs the given message with the given level.</doc>
<arguments>
<arg>${resultado}</arg>
</arguments>
<msg timestamp="20200129 14:42:05.857" level="INFO">Se encontro maquina de bateo</msg>
<status status="PASS" starttime="20200129 14:42:05.856" endtime="20200129 14:42:05.857"></status>
</kw>
<kw name="Cerrar" library="recursos">
<kw name="Close Browser" library="SeleniumLibrary">
<doc>Closes the current browser.</doc>
<status status="PASS" starttime="20200129 14:42:05.859" endtime="20200129 14:42:07.974"></status>
</kw>
<status status="PASS" starttime="20200129 14:42:05.859" endtime="20200129 14:42:07.974"></status>
</kw>
<doc>PRUEBA TRAMITE RETURN</doc>
<tags>
<tag>tg01</tag>
</tags>
<status status="PASS" starttime="20200129 14:41:51.850" endtime="20200129 14:42:07.974" critical="yes"></status>
</test>
<doc>Casos de Prueba CC-04-2019-AMTIF-OT04</doc>
<status status="PASS" starttime="20200129 14:41:51.261" endtime="20200129 14:42:07.974"></status>
</suite>
<statistics>
<total>
<stat pass="1" fail="0">Critical Tests</stat>
<stat pass="1" fail="0">All Tests</stat>
</total>
<tag>
<stat pass="1" fail="0">tg01</stat>
</tag>
<suite>
<stat pass="1" fail="0" id="s1" name="Test">Test</stat>
</suite>
</statistics>
<errors>
<msg timestamp="20200129 14:41:51.847" level="ERROR">Error in file 'C:\Todo_RobotFramework\Curso_dos\return_test\test.robot': Importing test library 'AllureReportLibrary' failed: ModuleNotFoundError: No module named 'AllureListener'
Traceback (most recent call last):
  File "c:\users\rodrigo.villanueva.c\appdata\local\programs\python\python37\lib\site-packages\AllureReportLibrary\__init__.py", line 2, in &lt;module&gt;
    from AllureListener import *
PYTHONPATH:
  C:\Users\rodrigo.villanueva.c\AppData\Local\Programs\Python\Python37\Scripts\robot.exe
  c:\users\rodrigo.villanueva.c\appdata\local\programs\python\python37\python37.zip
  c:\users\rodrigo.villanueva.c\appdata\local\programs\python\python37\DLLs
  c:\users\rodrigo.villanueva.c\appdata\local\programs\python\python37\lib
  c:\users\rodrigo.villanueva.c\appdata\local\programs\python\python37
  c:\users\rodrigo.villanueva.c\appdata\local\programs\python\python37\lib\site-packages</msg>
</errors>
</robot>
