<?xml version="1.0" encoding="UTF-8"?>
<robot generator="Robot 3.1.2 (Python 3.7.6 on win32)" generated="20200130 15:53:49.353" rpa="false">
<suite id="s1" name="Condicional" source="C:\Todo_RobotFramework\CURSO_MASTER\Test_uno\Condicional.robot">
<test id="s1-t1" name="TC008 MULTIPLES NAVEGADORES">
<kw name="Abrir navegador" library="recursos">
<arguments>
<arg>${url}</arg>
<arg>chrome</arg>
</arguments>
<kw name="Open Browser" library="SeleniumLibrary">
<doc>Opens a new browser instance to the optional ``url``.</doc>
<arguments>
<arg>${arg1}</arg>
<arg>${arg2}</arg>
</arguments>
<msg timestamp="20200130 15:53:49.540" level="INFO">Opening browser 'chrome' to base url 'https://thetestingworld.com/index.php?option=com_users&amp;view=registration&amp;Itemid=588'.</msg>
<status status="PASS" starttime="20200130 15:53:49.540" endtime="20200130 15:53:55.074"></status>
</kw>
<status status="PASS" starttime="20200130 15:53:49.540" endtime="20200130 15:53:55.074"></status>
</kw>
<kw name="Maximizar" library="recursos">
<kw name="Maximize Browser Window" library="SeleniumLibrary">
<doc>Maximizes current browser window.</doc>
<status status="PASS" starttime="20200130 15:53:55.075" endtime="20200130 15:53:56.256"></status>
</kw>
<status status="PASS" starttime="20200130 15:53:55.075" endtime="20200130 15:53:56.256"></status>
</kw>
<kw name="Verificar texto" library="recursos">
<arguments>
<arg>VIDEOS</arg>
<arg>3</arg>
</arguments>
<kw name="Wait Until Page Contains" library="SeleniumLibrary">
<doc>Waits until ``text`` appears on the current page.</doc>
<arguments>
<arg>${poner_texto}</arg>
<arg>${tiempo}</arg>
</arguments>
<status status="PASS" starttime="20200130 15:53:56.258" endtime="20200130 15:53:56.302"></status>
</kw>
<status status="PASS" starttime="20200130 15:53:56.257" endtime="20200130 15:53:56.303"></status>
</kw>
<kw name="Verificar elemento" library="recursos">
<arguments>
<arg>(//span[contains(.,'TRAINING')])[1]</arg>
<arg>3</arg>
</arguments>
<kw name="Wait Until Page Contains Element" library="SeleniumLibrary">
<doc>Waits until the element ``locator`` appears on the current page.</doc>
<arguments>
<arg>${xpath}</arg>
<arg>${tiempo}</arg>
</arguments>
<status status="PASS" starttime="20200130 15:53:56.304" endtime="20200130 15:53:56.319"></status>
</kw>
<status status="PASS" starttime="20200130 15:53:56.303" endtime="20200130 15:53:56.319"></status>
</kw>
<kw name="Run Keyword If" library="BuiltIn">
<doc>Runs the given keyword with the given arguments, if ``condition`` is true.</doc>
<arguments>
<arg>'${paso}'=='OK'</arg>
<arg>Print</arg>
<arg>Ok</arg>
</arguments>
<kw name="Print" library="recursos">
<arguments>
<arg>Ok</arg>
</arguments>
<kw name="Log To Console" library="BuiltIn">
<doc>Logs the given message to the console.</doc>
<arguments>
<arg>${arg1}</arg>
</arguments>
<status status="PASS" starttime="20200130 15:53:56.321" endtime="20200130 15:53:56.321"></status>
</kw>
<status status="PASS" starttime="20200130 15:53:56.320" endtime="20200130 15:53:56.321"></status>
</kw>
<status status="PASS" starttime="20200130 15:53:56.320" endtime="20200130 15:53:56.321"></status>
</kw>
<kw name="Obtener Url" library="recursos">
<assign>
<var>${urlob}</var>
</assign>
<kw name="Get Location" library="SeleniumLibrary">
<doc>Returns the current browser window URL.</doc>
<assign>
<var>${url}</var>
</assign>
<msg timestamp="20200130 15:53:56.328" level="INFO">${url} = https://thetestingworld.com/index.php?option=com_users&amp;view=registration&amp;Itemid=588</msg>
<status status="PASS" starttime="20200130 15:53:56.322" endtime="20200130 15:53:56.328"></status>
</kw>
<msg timestamp="20200130 15:53:56.328" level="INFO">${urlob} = https://thetestingworld.com/index.php?option=com_users&amp;view=registration&amp;Itemid=588</msg>
<status status="PASS" starttime="20200130 15:53:56.322" endtime="20200130 15:53:56.328"></status>
</kw>
<kw name="Print" library="recursos">
<arguments>
<arg>La url: ${urlob}</arg>
</arguments>
<kw name="Log To Console" library="BuiltIn">
<doc>Logs the given message to the console.</doc>
<arguments>
<arg>${arg1}</arg>
</arguments>
<status status="PASS" starttime="20200130 15:53:56.329" endtime="20200130 15:53:56.329"></status>
</kw>
<status status="PASS" starttime="20200130 15:53:56.328" endtime="20200130 15:53:56.329"></status>
</kw>
<kw name="Dormir" library="recursos">
<arguments>
<arg>1</arg>
</arguments>
<kw name="Sleep" library="BuiltIn">
<doc>Pauses the test executed for the given time.</doc>
<arguments>
<arg>${arg1}</arg>
</arguments>
<msg timestamp="20200130 15:53:57.338" level="INFO">Slept 1 second</msg>
<status status="PASS" starttime="20200130 15:53:56.330" endtime="20200130 15:53:57.338"></status>
</kw>
<status status="PASS" starttime="20200130 15:53:56.330" endtime="20200130 15:53:57.338"></status>
</kw>
<status status="PASS" starttime="20200130 15:53:49.540" endtime="20200130 15:53:57.338" critical="yes"></status>
</test>
<status status="PASS" starttime="20200130 15:53:49.353" endtime="20200130 15:53:57.338"></status>
</suite>
<statistics>
<total>
<stat pass="1" fail="0">Critical Tests</stat>
<stat pass="1" fail="0">All Tests</stat>
</total>
<tag>
</tag>
<suite>
<stat pass="1" fail="0" id="s1" name="Condicional">Condicional</stat>
</suite>
</statistics>
<errors>
</errors>
</robot>
