<?xml version="1.0" encoding="UTF-8"?>
<robot generator="Robot 3.1.2 (Python 3.7.6 on win32)" generated="20200117 15:03:26.833" rpa="false">
<suite id="s1" name="Catorce" source="C:\Python\robotframework\pruebas\catorce\catorce.robot">
<test id="s1-t1" name="001 Ventanas Multiples">
<kw name="Abrir navegador" library="recursos">
<kw name="Open Browser" library="SeleniumLibrary">
<doc>Opens a new browser instance to the optional ``url``.</doc>
<arguments>
<arg>${url}</arg>
<arg>${navegador}</arg>
</arguments>
<msg timestamp="20200117 15:03:27.007" level="INFO">Opening browser 'chrome' to base url 'http://testautomationpractice.blogspot.com/'.</msg>
<status status="PASS" starttime="20200117 15:03:27.007" endtime="20200117 15:03:30.390"></status>
</kw>
<status status="PASS" starttime="20200117 15:03:27.006" endtime="20200117 15:03:30.390"></status>
</kw>
<kw name="Maximizar" library="recursos">
<kw name="Maximize Browser Window" library="SeleniumLibrary">
<doc>Maximizes current browser window.</doc>
<status status="PASS" starttime="20200117 15:03:30.391" endtime="20200117 15:03:31.527"></status>
</kw>
<status status="PASS" starttime="20200117 15:03:30.391" endtime="20200117 15:03:31.527"></status>
</kw>
<kw name="Dormir Todos" library="recursos">
<arguments>
<arg>.9</arg>
</arguments>
<kw name="Set Selenium Speed" library="SeleniumLibrary">
<doc>Sets the delay that is waited after each Selenium command.</doc>
<arguments>
<arg>${arg1} seconds</arg>
</arguments>
<status status="PASS" starttime="20200117 15:03:31.529" endtime="20200117 15:03:31.530"></status>
</kw>
<status status="PASS" starttime="20200117 15:03:31.528" endtime="20200117 15:03:31.531"></status>
</kw>
<kw name="Texto" library="recursos">
<arguments>
<arg>(//input[@type='text'])[1]</arg>
<arg>demo de busqueda.</arg>
</arguments>
<kw name="Input Text" library="SeleniumLibrary">
<doc>Types the given ``text`` into the text field identified by ``locator``.</doc>
<arguments>
<arg>xpath=${arg1}</arg>
<arg>${arg2}</arg>
</arguments>
<msg timestamp="20200117 15:03:31.533" level="INFO">Typing text 'demo de busqueda.' into text field 'xpath=(//input[@type='text'])[1]'.</msg>
<status status="PASS" starttime="20200117 15:03:31.532" endtime="20200117 15:03:34.386"></status>
</kw>
<status status="PASS" starttime="20200117 15:03:31.531" endtime="20200117 15:03:34.387"></status>
</kw>
<kw name="Click" library="recursos">
<arguments>
<arg>//input[@type='submit']</arg>
</arguments>
<kw name="Click Element" library="SeleniumLibrary">
<doc>Click the element identified by ``locator``.</doc>
<arguments>
<arg>xpath=${arg1}</arg>
</arguments>
<msg timestamp="20200117 15:03:34.389" level="INFO">Clicking element 'xpath=//input[@type='submit']'.</msg>
<status status="PASS" starttime="20200117 15:03:34.389" endtime="20200117 15:03:36.287"></status>
</kw>
<status status="PASS" starttime="20200117 15:03:34.388" endtime="20200117 15:03:36.287"></status>
</kw>
<kw name="Pantalla" library="recursos">
<kw name="Capture Page Screenshot" library="SeleniumLibrary">
<doc>Takes a screenshot of the current page and embeds it into a log file.</doc>
<msg timestamp="20200117 15:03:37.574" level="INFO" html="yes">&lt;/td&gt;&lt;/tr&gt;&lt;tr&gt;&lt;td colspan="3"&gt;&lt;a href="selenium-screenshot-1.png"&gt;&lt;img src="selenium-screenshot-1.png" width="800px"&gt;&lt;/a&gt;</msg>
<status status="PASS" starttime="20200117 15:03:36.288" endtime="20200117 15:03:37.574"></status>
</kw>
<status status="PASS" starttime="20200117 15:03:36.288" endtime="20200117 15:03:37.574"></status>
</kw>
<kw name="Cerrar" library="recursos">
<kw name="Close Browser" library="SeleniumLibrary">
<doc>Closes the current browser.</doc>
<status status="PASS" starttime="20200117 15:03:37.574" endtime="20200117 15:03:40.498"></status>
</kw>
<status status="PASS" starttime="20200117 15:03:37.574" endtime="20200117 15:03:40.499"></status>
</kw>
<status status="PASS" starttime="20200117 15:03:27.006" endtime="20200117 15:03:40.500" critical="yes"></status>
</test>
<doc>Prueba uno Amazon</doc>
<status status="PASS" starttime="20200117 15:03:26.834" endtime="20200117 15:03:40.504"></status>
</suite>
<statistics>
<total>
<stat pass="1" fail="0">Critical Tests</stat>
<stat pass="1" fail="0">All Tests</stat>
</total>
<tag>
</tag>
<suite>
<stat pass="1" fail="0" id="s1" name="Catorce">Catorce</stat>
</suite>
</statistics>
<errors>
</errors>
</robot>
